<?xml version="1.0" encoding="UTF-8"?>
<!-- Generated by org.testng.reporters.JUnitXMLReporter -->
<testsuite ignored="0" hostname="MOHXIN" failures="0" tests="14" name="Open Cart Tests" time="69.97" errors="0" timestamp="2024-05-29T14:33:21 IST">
  <testcase classname="com.opencartproject.qa.testcases.RegisterTest" name="verifyRegisteringByMandatoryFields" time="1.453"/>
  <testcase classname="com.opencartproject.qa.testcases.RegisterTest" name="verifyRegisteringByEnteringAllFields" time="1.686"/>
  <testcase classname="com.opencartproject.qa.testcases.RegisterTest" name="veryRegisteringByEnteringInvalidEmail" time="0.91"/>
  <testcase classname="com.opencartproject.qa.testcases.RegisterTest" name="verifyRegisteringWithoutEnteringFields" time="0.554"/>
  <testcase classname="com.opencartproject.qa.testcases.LoginTest" name="verifyWithLoginCred" time="0.986"/>
  <testcase classname="com.opencartproject.qa.testcases.LoginTest" name="verifyWithLoginCred" time="0.911"/>
  <testcase classname="com.opencartproject.qa.testcases.LoginTest" name="verifyWithLoginCred" time="0.871"/>
  <testcase classname="com.opencartproject.qa.testcases.LoginTest" name="verifyWithInvalidCred" time="0.761"/>
  <testcase classname="com.opencartproject.qa.testcases.LoginTest" name="verifyWithInvalidEmailId" time="0.919"/>
  <testcase classname="com.opencartproject.qa.testcases.LoginTest" name="verifyWithValidEmailInvalidPassword" time="0.855"/>
  <testcase classname="com.opencartproject.qa.testcases.LoginTest" name="verifyWithoutCred" time="0.507"/>
  <testcase classname="com.opencartproject.qa.testcases.SearchTest" name="verifySearchUsingProductName" time="0.59"/>
  <testcase classname="com.opencartproject.qa.testcases.SearchTest" name="verifySearchWithNonExistingProduct" time="0.465"/>
  <testcase classname="com.opencartproject.qa.testcases.SearchTest" name="verifyWithEmptySearchBar" time="0.351"/>
</testsuite> <!-- Open Cart Tests -->
